#
# There is insufficient memory for the Java Runtime Environment to continue.
# Native memory allocation (mmap) failed to map 65536 bytes for Failed to commit metaspace.
# Possible reasons:
#   The system is out of physical RAM or swap space
#   The process is running with CompressedOops enabled, and the Java Heap may be blocking the growth of the native heap
# Possible solutions:
#   Reduce memory load on the system
#   Increase physical memory or swap space
#   Check if swap backing store is full
#   Decrease Java heap size (-Xmx/-Xms)
#   Decrease number of Java threads
#   Decrease Java thread stack sizes (-Xss)
#   Set larger code cache with -XX:ReservedCodeCacheSize=
#   JVM is running with Zero Based Compressed Oops mode in which the Java heap is
#     placed in the first 32GB address space. The Java Heap base address is the
#     maximum limit for the native heap growth. Please use -XX:HeapBaseMinAddress
#     to set the Java Heap base and to place the Java Heap above 32GB virtual address.
# This output file may be truncated or incomplete.
#
#  Out of Memory Error (virtualSpaceNode.cpp:110), pid=15396, tid=19116
#
# JRE version: OpenJDK Runtime Environment (17.0.2+8) (build 17.0.2+8-86)
# Java VM: OpenJDK 64-Bit Server VM (17.0.2+8-86, mixed mode, emulated-client, sharing, tiered, compressed oops, compressed class ptrs, g1 gc, windows-amd64)
# No core dump will be written. Minidumps are not enabled by default on client versions of Windows
#

---------------  S U M M A R Y ------------

Command Line: -XX:TieredStopAtLevel=1 -Xverify:none -Dspring.output.ansi.enabled=always -Dcom.sun.management.jmxremote -Dspring.jmx.enabled=true -Dspring.liveBeansView.mbeanDomain -Dspring.application.admin.enabled=true -javaagent:C:\Program Files\JetBrains\IntelliJ IDEA 2021.3.2\lib\idea_rt.jar=3893:C:\Program Files\JetBrains\IntelliJ IDEA 2021.3.2\bin -Dfile.encoding=UTF-8 com.turkcell.rentACar.RentACarApplication

Host: Intel(R) Core(TM) i7-8550U CPU @ 1.80GHz, 8 cores, 15G,  Windows 11 , 64 bit Build 22000 (10.0.22000.434)
Time: Fri Mar 25 21:59:33 2022 Türkiye Standart Saati elapsed time: 357.101946 seconds (0d 0h 5m 57s)

---------------  T H R E A D  ---------------

Current thread (0x000001e79c75ad40):  JavaThread "http-nio-8081-Acceptor" daemon [_thread_in_vm, id=19116, stack(0x0000004254600000,0x0000004254700000)]

Stack: [0x0000004254600000,0x0000004254700000]
Native frames: (J=compiled Java code, j=interpreted, Vv=VM code, C=native code)
V  [jvm.dll+0x670baa]
V  [jvm.dll+0x7cfcb4]
V  [jvm.dll+0x7d145e]
V  [jvm.dll+0x7d1ac3]
V  [jvm.dll+0x242bc5]
V  [jvm.dll+0x7cbc5b]
V  [jvm.dll+0x616966]
V  [jvm.dll+0x6169ca]
V  [jvm.dll+0x6191da]
V  [jvm.dll+0x617306]
V  [jvm.dll+0x24068c]
V  [jvm.dll+0x6c706d]
V  [jvm.dll+0x6c7a9f]
V  [jvm.dll+0x36c4c3]
V  [jvm.dll+0x36b682]
V  [jvm.dll+0x36b628]
V  [jvm.dll+0x559805]
V  [jvm.dll+0x55892d]
V  [jvm.dll+0x37f357]
V  [jvm.dll+0x37e9af]
C  0x000001e789be920c

Java frames: (J=compiled Java code, j=interpreted, Vv=VM code)
j  sun.nio.ch.SocketChannelImpl.socket()Ljava/net/Socket;+23 java.base@17.0.2
j  org.apache.tomcat.util.net.NioEndpoint.setSocketOptions(Ljava/nio/channels/SocketChannel;)Z+139
j  org.apache.tomcat.util.net.NioEndpoint.setSocketOptions(Ljava/lang/Object;)Z+5
j  org.apache.tomcat.util.net.Acceptor.run()V+203
j  java.lang.Thread.run()V+11 java.base@17.0.2
v  ~StubRoutines::call_stub

---------------  P R O C E S S  ---------------

Threads class SMR info:
_java_thread_list=0x000001e79e841ea0, length=22, elements={
0x000001e7996a6c90, 0x000001e7996a7b00, 0x000001e7996c1500, 0x000001e7996c2ec0,
0x000001e7996c3870, 0x000001e7996c4220, 0x000001e7996c4c80, 0x000001e7996c5670,
0x000001e7996936f0, 0x000001e79a4905d0, 0x000001e79a490aa0, 0x000001e79a61ffc0,
0x000001e79a8ca820, 0x000001e79c759a00, 0x000001e79c75c080, 0x000001e79c75bbb0,
0x000001e79c75b210, 0x000001e79c759ed0, 0x000001e79c75c550, 0x000001e79c75b6e0,
0x000001e79c75ad40, 0x000001e79c75a3a0
}

Java Threads: ( => current thread )
  0x000001e7996a6c90 JavaThread "Reference Handler" daemon [_thread_blocked, id=9956, stack(0x0000004251f00000,0x0000004252000000)]
  0x000001e7996a7b00 JavaThread "Finalizer" daemon [_thread_blocked, id=18516, stack(0x0000004252000000,0x0000004252100000)]
  0x000001e7996c1500 JavaThread "Signal Dispatcher" daemon [_thread_blocked, id=18828, stack(0x0000004252100000,0x0000004252200000)]
  0x000001e7996c2ec0 JavaThread "Attach Listener" daemon [_thread_blocked, id=12020, stack(0x0000004252200000,0x0000004252300000)]
  0x000001e7996c3870 JavaThread "Service Thread" daemon [_thread_blocked, id=19260, stack(0x0000004252300000,0x0000004252400000)]
  0x000001e7996c4220 JavaThread "Monitor Deflation Thread" daemon [_thread_blocked, id=19256, stack(0x0000004252400000,0x0000004252500000)]
  0x000001e7996c4c80 JavaThread "C1 CompilerThread0" daemon [_thread_blocked, id=5620, stack(0x0000004252500000,0x0000004252600000)]
  0x000001e7996c5670 JavaThread "Sweeper thread" daemon [_thread_blocked, id=8684, stack(0x0000004252600000,0x0000004252700000)]
  0x000001e7996936f0 JavaThread "Common-Cleaner" daemon [_thread_blocked, id=4756, stack(0x0000004252700000,0x0000004252800000)]
  0x000001e79a4905d0 JavaThread "Monitor Ctrl-Break" daemon [_thread_in_native, id=19280, stack(0x0000004252a00000,0x0000004252b00000)]
  0x000001e79a490aa0 JavaThread "Notification Thread" daemon [_thread_blocked, id=14836, stack(0x0000004252b00000,0x0000004252c00000)]
  0x000001e79a61ffc0 JavaThread "RMI TCP Accept-0" daemon [_thread_in_native, id=3192, stack(0x0000004252c00000,0x0000004252d00000)]
  0x000001e79a8ca820 JavaThread "RMI Scheduler(0)" daemon [_thread_blocked, id=7388, stack(0x0000004253000000,0x0000004253100000)]
  0x000001e79c759a00 JavaThread "Catalina-utility-1" [_thread_blocked, id=1484, stack(0x0000004253d00000,0x0000004253e00000)]
  0x000001e79c75c080 JavaThread "Catalina-utility-2" [_thread_blocked, id=3200, stack(0x0000004253e00000,0x0000004253f00000)]
  0x000001e79c75bbb0 JavaThread "container-0" [_thread_blocked, id=18656, stack(0x0000004253f00000,0x0000004254000000)]
  0x000001e79c75b210 JavaThread "HikariPool-1 housekeeper" daemon [_thread_blocked, id=11388, stack(0x0000004254100000,0x0000004254200000)]
  0x000001e79c759ed0 JavaThread "File Watcher" daemon [_thread_blocked, id=11628, stack(0x0000004254300000,0x0000004254400000)]
  0x000001e79c75c550 JavaThread "Live Reload Server" daemon [_thread_in_native, id=16576, stack(0x0000004254500000,0x0000004254600000)]
  0x000001e79c75b6e0 JavaThread "http-nio-8081-Poller" daemon [_thread_in_native, id=2636, stack(0x0000004254400000,0x0000004254500000)]
=>0x000001e79c75ad40 JavaThread "http-nio-8081-Acceptor" daemon [_thread_in_vm, id=19116, stack(0x0000004254600000,0x0000004254700000)]
  0x000001e79c75a3a0 JavaThread "DestroyJavaVM" [_thread_blocked, id=8348, stack(0x0000004251800000,0x0000004251900000)]

Other Threads:
  0x000001e7996a30a0 VMThread "VM Thread" [stack: 0x0000004251e00000,0x0000004251f00000] [id=19296]
  0x000001e79a625fd0 WatcherThread [stack: 0x0000004252d00000,0x0000004252e00000] [id=18916]
  0x000001e780bd12a0 GCTaskThread "GC Thread#0" [stack: 0x0000004251900000,0x0000004251a00000] [id=16292]
  0x000001e79a987d00 GCTaskThread "GC Thread#1" [stack: 0x0000004253100000,0x0000004253200000] [id=18724]
  0x000001e79a92fc30 GCTaskThread "GC Thread#2" [stack: 0x0000004253200000,0x0000004253300000] [id=3684]
  0x000001e79a92fee0 GCTaskThread "GC Thread#3" [stack: 0x0000004253300000,0x0000004253400000] [id=19412]
  0x000001e79a996150 GCTaskThread "GC Thread#4" [stack: 0x0000004253400000,0x0000004253500000] [id=16568]
  0x000001e79a996880 GCTaskThread "GC Thread#5" [stack: 0x0000004253500000,0x0000004253600000] [id=15180]
  0x000001e79a9ce970 GCTaskThread "GC Thread#6" [stack: 0x0000004253600000,0x0000004253700000] [id=10532]
  0x000001e79a9cf440 GCTaskThread "GC Thread#7" [stack: 0x0000004253700000,0x0000004253800000] [id=13448]
  0x000001e780be37a0 ConcurrentGCThread "G1 Main Marker" [stack: 0x0000004251a00000,0x0000004251b00000] [id=8]
  0x000001e780be41b0 ConcurrentGCThread "G1 Conc#0" [stack: 0x0000004251b00000,0x0000004251c00000] [id=19204]
  0x000001e79c1b49b0 ConcurrentGCThread "G1 Conc#1" [stack: 0x0000004253c00000,0x0000004253d00000] [id=18404]
  0x000001e79955a500 ConcurrentGCThread "G1 Refine#0" [stack: 0x0000004251c00000,0x0000004251d00000] [id=9228]
  0x000001e79a9cf800 ConcurrentGCThread "G1 Refine#1" [stack: 0x0000004253800000,0x0000004253900000] [id=18024]
  0x000001e79a9cfae0 ConcurrentGCThread "G1 Refine#2" [stack: 0x0000004253900000,0x0000004253a00000] [id=18980]
  0x000001e79955ae30 ConcurrentGCThread "G1 Service" [stack: 0x0000004251d00000,0x0000004251e00000] [id=17664]

Threads with active compile tasks:

VM state: not at safepoint (normal execution)

VM Mutex/Monitor currently owned by a thread:  ([mutex/lock_event])
[0x000001e780b70120] Metaspace_lock - owner thread: 0x000001e79c75ad40

Heap address: 0x0000000701e00000, size: 4066 MB, Compressed Oops mode: Zero based, Oop shift amount: 3

CDS archive(s) mapped at: [0x0000000800000000-0x0000000800bc0000-0x0000000800bc0000), size 12320768, SharedBaseAddress: 0x0000000800000000, ArchiveRelocationMode: 0.
Compressed class space mapped at: 0x0000000800c00000-0x0000000840c00000, reserved size: 1073741824
Narrow klass base: 0x0000000800000000, Narrow klass shift: 0, Narrow klass range: 0x100000000

GC Precious Log:
 CPUs: 8 total, 8 available
 Memory: 16258M
 Large Page Support: Disabled
 NUMA Support: Disabled
 Compressed Oops: Enabled (Zero based)
 Heap Region Size: 2M
 Heap Min Capacity: 8M
 Heap Initial Capacity: 256M
 Heap Max Capacity: 4066M
 Pre-touch: Disabled
 Parallel Workers: 8
 Concurrent Workers: 2
 Concurrent Refinement Workers: 8
 Periodic GC: Disabled

Heap:
 garbage-first heap   total 133120K, used 82905K [0x0000000701e00000, 0x0000000800000000)
  region size 2048K, 25 young (51200K), 2 survivors (4096K)
 Metaspace       used 54280K, committed 54784K, reserved 1097728K
  class space    used 7510K, committed 7744K, reserved 1048576K

Heap Regions: E=young(eden), S=young(survivor), O=old, HS=humongous(starts), HC=humongous(continues), CS=collection set, F=free, OA=open archive, CA=closed archive, TAMS=top-at-mark-start (previous, next)
|   0|0x0000000701e00000, 0x0000000702000000, 0x0000000702000000|100%| O|  |TAMS 0x0000000701e00000, 0x0000000701e00000| Untracked 
|   1|0x0000000702000000, 0x0000000702200000, 0x0000000702200000|100%| O|  |TAMS 0x0000000702200000, 0x0000000702000000| Untracked 
|   2|0x0000000702200000, 0x0000000702400000, 0x0000000702400000|100%| O|  |TAMS 0x0000000702400000, 0x0000000702200000| Untracked 
|   3|0x0000000702400000, 0x00000007025db000, 0x0000000702600000| 92%| O|  |TAMS 0x00000007025db000, 0x0000000702400000| Untracked 
|   4|0x0000000702600000, 0x0000000702800000, 0x0000000702800000|100%| O|  |TAMS 0x0000000702800000, 0x0000000702600000| Untracked 
|   5|0x0000000702800000, 0x0000000702a00000, 0x0000000702a00000|100%| O|  |TAMS 0x0000000702a00000, 0x0000000702800000| Untracked 
|   6|0x0000000702a00000, 0x0000000702c00000, 0x0000000702c00000|100%| O|  |TAMS 0x0000000702a00000, 0x0000000702a00000| Untracked 
|   7|0x0000000702c00000, 0x0000000702e00000, 0x0000000702e00000|100%| O|  |TAMS 0x0000000702c00000, 0x0000000702c00000| Untracked 
|   8|0x0000000702e00000, 0x0000000703000000, 0x0000000703000000|100%| O|  |TAMS 0x0000000702e00000, 0x0000000702e00000| Untracked 
|   9|0x0000000703000000, 0x0000000703200000, 0x0000000703200000|100%| O|  |TAMS 0x0000000703000000, 0x0000000703000000| Untracked 
|  10|0x0000000703200000, 0x0000000703400000, 0x0000000703400000|100%| O|  |TAMS 0x0000000703400000, 0x0000000703200000| Untracked 
|  11|0x0000000703400000, 0x0000000703600000, 0x0000000703600000|100%| O|  |TAMS 0x0000000703600000, 0x0000000703400000| Untracked 
|  12|0x0000000703600000, 0x0000000703800000, 0x0000000703800000|100%| O|  |TAMS 0x0000000703600000, 0x0000000703600000| Untracked 
|  13|0x0000000703800000, 0x0000000703a00000, 0x0000000703a00000|100%| O|  |TAMS 0x0000000703800000, 0x0000000703800000| Untracked 
|  14|0x0000000703a00000, 0x0000000703c00000, 0x0000000703c00000|100%| O|  |TAMS 0x0000000703a00000, 0x0000000703a00000| Untracked 
|  15|0x0000000703c00000, 0x0000000703e00000, 0x0000000703e00000|100%| O|  |TAMS 0x0000000703c00000, 0x0000000703c00000| Untracked 
|  16|0x0000000703e00000, 0x0000000704000000, 0x0000000704000000|100%| O|  |TAMS 0x0000000703e00000, 0x0000000703e00000| Untracked 
|  17|0x0000000704000000, 0x00000007040f4600, 0x0000000704200000| 47%| O|  |TAMS 0x0000000704000000, 0x0000000704000000| Untracked 
|  18|0x0000000704200000, 0x0000000704200000, 0x0000000704400000|  0%| F|  |TAMS 0x0000000704200000, 0x0000000704200000| Untracked 
|  19|0x0000000704400000, 0x0000000704400000, 0x0000000704600000|  0%| F|  |TAMS 0x0000000704400000, 0x0000000704400000| Untracked 
|  20|0x0000000704600000, 0x0000000704600000, 0x0000000704800000|  0%| F|  |TAMS 0x0000000704600000, 0x0000000704600000| Untracked 
|  21|0x0000000704800000, 0x0000000704800000, 0x0000000704a00000|  0%| F|  |TAMS 0x0000000704800000, 0x0000000704800000| Untracked 
|  22|0x0000000704a00000, 0x0000000704a00000, 0x0000000704c00000|  0%| F|  |TAMS 0x0000000704a00000, 0x0000000704a00000| Untracked 
|  23|0x0000000704c00000, 0x0000000704c00000, 0x0000000704e00000|  0%| F|  |TAMS 0x0000000704c00000, 0x0000000704c00000| Untracked 
|  24|0x0000000704e00000, 0x0000000704e00000, 0x0000000705000000|  0%| F|  |TAMS 0x0000000704e00000, 0x0000000704e00000| Untracked 
|  25|0x0000000705000000, 0x0000000705000000, 0x0000000705200000|  0%| F|  |TAMS 0x0000000705000000, 0x0000000705000000| Untracked 
|  26|0x0000000705200000, 0x0000000705200000, 0x0000000705400000|  0%| F|  |TAMS 0x0000000705200000, 0x0000000705200000| Untracked 
|  27|0x0000000705400000, 0x0000000705400000, 0x0000000705600000|  0%| F|  |TAMS 0x0000000705400000, 0x0000000705400000| Untracked 
|  28|0x0000000705600000, 0x0000000705600000, 0x0000000705800000|  0%| F|  |TAMS 0x0000000705600000, 0x0000000705600000| Untracked 
|  29|0x0000000705800000, 0x0000000705826e00, 0x0000000705a00000|  7%| S|CS|TAMS 0x0000000705800000, 0x0000000705800000| Complete 
|  30|0x0000000705a00000, 0x0000000705c00000, 0x0000000705c00000|100%| S|CS|TAMS 0x0000000705a00000, 0x0000000705a00000| Complete 
|  31|0x0000000705c00000, 0x0000000705c00000, 0x0000000705e00000|  0%| F|  |TAMS 0x0000000705c00000, 0x0000000705c00000| Untracked 
|  32|0x0000000705e00000, 0x0000000705e00000, 0x0000000706000000|  0%| F|  |TAMS 0x0000000705e00000, 0x0000000705e00000| Untracked 
|  33|0x0000000706000000, 0x0000000706000000, 0x0000000706200000|  0%| F|  |TAMS 0x0000000706000000, 0x0000000706000000| Untracked 
|  34|0x0000000706200000, 0x0000000706200000, 0x0000000706400000|  0%| F|  |TAMS 0x0000000706200000, 0x0000000706200000| Untracked 
|  35|0x0000000706400000, 0x0000000706400000, 0x0000000706600000|  0%| F|  |TAMS 0x0000000706400000, 0x0000000706400000| Untracked 
|  36|0x0000000706600000, 0x0000000706600000, 0x0000000706800000|  0%| F|  |TAMS 0x0000000706600000, 0x0000000706600000| Untracked 
|  37|0x0000000706800000, 0x0000000706800000, 0x0000000706a00000|  0%| F|  |TAMS 0x0000000706800000, 0x0000000706800000| Untracked 
|  38|0x0000000706a00000, 0x0000000706a00000, 0x0000000706c00000|  0%| F|  |TAMS 0x0000000706a00000, 0x0000000706a00000| Untracked 
|  39|0x0000000706c00000, 0x0000000706c00000, 0x0000000706e00000|  0%| F|  |TAMS 0x0000000706c00000, 0x0000000706c00000| Untracked 
|  40|0x0000000706e00000, 0x0000000706e00000, 0x0000000707000000|  0%| F|  |TAMS 0x0000000706e00000, 0x0000000706e00000| Untracked 
|  41|0x0000000707000000, 0x0000000707000000, 0x0000000707200000|  0%| F|  |TAMS 0x0000000707000000, 0x0000000707000000| Untracked 
|  42|0x0000000707200000, 0x000000070723fdc0, 0x0000000707400000| 12%| E|  |TAMS 0x0000000707200000, 0x0000000707200000| Complete 
|  43|0x0000000707400000, 0x0000000707600000, 0x0000000707600000|100%| E|CS|TAMS 0x0000000707400000, 0x0000000707400000| Complete 
|  44|0x0000000707600000, 0x0000000707800000, 0x0000000707800000|100%| E|CS|TAMS 0x0000000707600000, 0x0000000707600000| Complete 
|  45|0x0000000707800000, 0x0000000707a00000, 0x0000000707a00000|100%| E|CS|TAMS 0x0000000707800000, 0x0000000707800000| Complete 
|  46|0x0000000707a00000, 0x0000000707c00000, 0x0000000707c00000|100%| E|CS|TAMS 0x0000000707a00000, 0x0000000707a00000| Complete 
|  47|0x0000000707c00000, 0x0000000707e00000, 0x0000000707e00000|100%| E|CS|TAMS 0x0000000707c00000, 0x0000000707c00000| Complete 
|  48|0x0000000707e00000, 0x0000000708000000, 0x0000000708000000|100%| E|CS|TAMS 0x0000000707e00000, 0x0000000707e00000| Complete 
|  49|0x0000000708000000, 0x0000000708200000, 0x0000000708200000|100%| E|CS|TAMS 0x0000000708000000, 0x0000000708000000| Complete 
|  50|0x0000000708200000, 0x0000000708400000, 0x0000000708400000|100%| E|CS|TAMS 0x0000000708200000, 0x0000000708200000| Complete 
|  51|0x0000000708400000, 0x0000000708600000, 0x0000000708600000|100%| E|CS|TAMS 0x0000000708400000, 0x0000000708400000| Complete 
|  52|0x0000000708600000, 0x0000000708800000, 0x0000000708800000|100%| E|CS|TAMS 0x0000000708600000, 0x0000000708600000| Complete 
|  53|0x0000000708800000, 0x0000000708a00000, 0x0000000708a00000|100%| E|CS|TAMS 0x0000000708800000, 0x0000000708800000| Complete 
|  54|0x0000000708a00000, 0x0000000708c00000, 0x0000000708c00000|100%| E|CS|TAMS 0x0000000708a00000, 0x0000000708a00000| Complete 
|  55|0x0000000708c00000, 0x0000000708e00000, 0x0000000708e00000|100%| E|CS|TAMS 0x0000000708c00000, 0x0000000708c00000| Complete 
|  56|0x0000000708e00000, 0x0000000709000000, 0x0000000709000000|100%| E|CS|TAMS 0x0000000708e00000, 0x0000000708e00000| Complete 
|  57|0x0000000709000000, 0x0000000709200000, 0x0000000709200000|100%| E|CS|TAMS 0x0000000709000000, 0x0000000709000000| Complete 
|  58|0x0000000709200000, 0x0000000709400000, 0x0000000709400000|100%| E|CS|TAMS 0x0000000709200000, 0x0000000709200000| Complete 
|  59|0x0000000709400000, 0x0000000709600000, 0x0000000709600000|100%| E|CS|TAMS 0x0000000709400000, 0x0000000709400000| Complete 
|  60|0x0000000709600000, 0x0000000709800000, 0x0000000709800000|100%| E|CS|TAMS 0x0000000709600000, 0x0000000709600000| Complete 
|  61|0x0000000709800000, 0x0000000709a00000, 0x0000000709a00000|100%| E|CS|TAMS 0x0000000709800000, 0x0000000709800000| Complete 
|  62|0x0000000709a00000, 0x0000000709c00000, 0x0000000709c00000|100%| E|CS|TAMS 0x0000000709a00000, 0x0000000709a00000| Complete 
|  63|0x0000000709c00000, 0x0000000709e00000, 0x0000000709e00000|100%| E|CS|TAMS 0x0000000709c00000, 0x0000000709c00000| Complete 
| 127|0x0000000711c00000, 0x0000000711e00000, 0x0000000711e00000|100%| E|CS|TAMS 0x0000000711c00000, 0x0000000711c00000| Complete 

Card table byte_map: [0x000001e78dcc0000,0x000001e78e4c0000] _byte_map_base: 0x000001e78a4b1000

Marking Bits (Prev, Next): (CMBitMap*) 0x000001e780bd28c0, (CMBitMap*) 0x000001e780bd2900
 Prev Bits: [0x000001e78ecc0000, 0x000001e792c48000)
 Next Bits: [0x000001e792c50000, 0x000001e796bd8000)

Polling page: 0x000001e780c50000

Metaspace:

Usage:
  Non-class:     45.67 MB used.
      Class:      7.33 MB used.
       Both:     53.01 MB used.

Virtual space:
  Non-class space:       48.00 MB reserved,      45.94 MB ( 96%) committed,  6 nodes.
      Class space:        1.00 GB reserved,       7.56 MB ( <1%) committed,  1 nodes.
             Both:        1.05 GB reserved,      53.50 MB (  5%) committed. 

Chunk freelists:
   Non-Class:  1.91 MB
       Class:  450.00 KB
        Both:  2.35 MB

MaxMetaspaceSize: unlimited
CompressedClassSpaceSize: 1.00 GB
Initial GC threshold: 21.00 MB
Current GC threshold: 59.00 MB
CDS: on
MetaspaceReclaimPolicy: balanced
 - commit_granule_bytes: 65536.
 - commit_granule_words: 8192.
 - virtual_space_node_default_size: 1048576.
 - enlarge_chunks_in_place: 1.
 - new_chunks_are_fully_committed: 0.
 - uncommit_free_chunks: 1.
 - use_allocation_guard: 0.
 - handle_deallocations: 1.


Internal statistics:

num_allocs_failed_limit: 6.
num_arena_births: 742.
num_arena_deaths: 0.
num_vsnodes_births: 7.
num_vsnodes_deaths: 0.
num_space_committed: 856.
num_space_uncommitted: 0.
num_chunks_returned_to_freelist: 6.
num_chunks_taken_from_freelist: 2900.
num_chunk_merges: 6.
num_chunk_splits: 1919.
num_chunks_enlarged: 1336.
num_purges: 0.
num_inconsistent_stats: 0.

CodeCache: size=49152Kb used=13003Kb max_used=14496Kb free=36148Kb
 bounds [0x000001e789bd0000, 0x000001e78aa00000, 0x000001e78cbd0000]
 total_blobs=7839 nmethods=7220 adapters=545
 compilation: enabled
              stopped_count=0, restarted_count=0
 full_count=0

Compilation events (20 events):
Event: 269.578 Thread 0x000001e7996c4c80 7210       1       java.util.concurrent.atomic.AtomicLong::set (12 bytes)
Event: 269.578 Thread 0x000001e7996c4c80 nmethod 7210 0x000001e789fc0f10 code [0x000001e789fc10a0, 0x000001e789fc1178]
Event: 269.578 Thread 0x000001e7996c4c80 7212   !   1       org.apache.tomcat.util.net.NioEndpoint$Poller::timeout (565 bytes)
Event: 269.581 Thread 0x000001e7996c4c80 nmethod 7212 0x000001e789fbe090 code [0x000001e789fbe520, 0x000001e789fbfc08]
Event: 269.581 Thread 0x000001e7996c4c80 7213       1       sun.nio.ch.SelectorImpl::keys (9 bytes)
Event: 269.581 Thread 0x000001e7996c4c80 nmethod 7213 0x000001e789fbdd10 code [0x000001e789fbdea0, 0x000001e789fbdfe8]
Event: 269.581 Thread 0x000001e7996c4c80 7214       1       org.apache.tomcat.util.net.NioEndpoint::access$100 (4 bytes)
Event: 269.581 Thread 0x000001e7996c4c80 nmethod 7214 0x000001e789fbda10 code [0x000001e789fbdba0, 0x000001e789fbdc58]
Event: 276.618 Thread 0x000001e7996c4c80 7215   !   1       java.lang.Thread::blockedOn (27 bytes)
Event: 276.619 Thread 0x000001e7996c4c80 nmethod 7215 0x000001e789fbd590 code [0x000001e789fbd720, 0x000001e789fbd918]
Event: 284.351 Thread 0x000001e7996c4c80 7216       1       org.springframework.boot.devtools.filewatch.DirectorySnapshot::<init> (70 bytes)
Event: 284.353 Thread 0x000001e7996c4c80 nmethod 7216 0x000001e789fbc690 code [0x000001e789fbc900, 0x000001e789fbd1c8]
Event: 284.353 Thread 0x000001e7996c4c80 7217       1       org.springframework.boot.devtools.filewatch.DirectorySnapshot$$Lambda$1147/0x0000000801379a90::<init> (10 bytes)
Event: 284.354 Thread 0x000001e7996c4c80 nmethod 7217 0x000001e789fbc390 code [0x000001e789fbc520, 0x000001e789fbc638]
Event: 284.823 Thread 0x000001e7996c4c80 7218       1       org.springframework.boot.devtools.filewatch.FileSystemWatcher$Watcher::scan (63 bytes)
Event: 284.823 Thread 0x000001e7996c4c80 nmethod 7218 0x000001e789fbbe10 code [0x000001e789fbc000, 0x000001e789fbc208]
Event: 285.187 Thread 0x000001e7996c4c80 7219       1       java.util.HashMap$Values::toArray (16 bytes)
Event: 285.187 Thread 0x000001e7996c4c80 nmethod 7219 0x000001e789fbba90 code [0x000001e789fbbc40, 0x000001e789fbbd58]
Event: 285.424 Thread 0x000001e7996c4c80 7220       1       org.springframework.boot.devtools.filewatch.FileSystemWatcher$Watcher::getCurrentSnapshots (63 bytes)
Event: 285.425 Thread 0x000001e7996c4c80 nmethod 7220 0x000001e789fbb210 code [0x000001e789fbb420, 0x000001e789fbb7d8]

GC Heap History (20 events):
Event: 7.193 GC heap before
{Heap before GC invocations=10 (full 0):
 garbage-first heap   total 81920K, used 62654K [0x0000000701e00000, 0x0000000800000000)
  region size 2048K, 24 young (49152K), 3 survivors (6144K)
 Metaspace       used 41899K, committed 42368K, reserved 1089536K
  class space    used 5912K, committed 6144K, reserved 1048576K
}
Event: 7.201 GC heap after
{Heap after GC invocations=11 (full 0):
 garbage-first heap   total 81920K, used 21945K [0x0000000701e00000, 0x0000000800000000)
  region size 2048K, 3 young (6144K), 3 survivors (6144K)
 Metaspace       used 41899K, committed 42368K, reserved 1089536K
  class space    used 5912K, committed 6144K, reserved 1048576K
}
Event: 7.254 GC heap before
{Heap before GC invocations=11 (full 0):
 garbage-first heap   total 81920K, used 23993K [0x0000000701e00000, 0x0000000800000000)
  region size 2048K, 4 young (8192K), 3 survivors (6144K)
 Metaspace       used 42088K, committed 42560K, reserved 1089536K
  class space    used 5940K, committed 6144K, reserved 1048576K
}
Event: 7.260 GC heap after
{Heap after GC invocations=12 (full 0):
 garbage-first heap   total 81920K, used 22537K [0x0000000701e00000, 0x0000000800000000)
  region size 2048K, 1 young (2048K), 1 survivors (2048K)
 Metaspace       used 42088K, committed 42560K, reserved 1089536K
  class space    used 5940K, committed 6144K, reserved 1048576K
}
Event: 8.779 GC heap before
{Heap before GC invocations=12 (full 0):
 garbage-first heap   total 81920K, used 59401K [0x0000000701e00000, 0x0000000800000000)
  region size 2048K, 20 young (40960K), 1 survivors (2048K)
 Metaspace       used 46504K, committed 46976K, reserved 1089536K
  class space    used 6564K, committed 6784K, reserved 1048576K
}
Event: 8.784 GC heap after
{Heap after GC invocations=13 (full 0):
 garbage-first heap   total 81920K, used 24696K [0x0000000701e00000, 0x0000000800000000)
  region size 2048K, 2 young (4096K), 2 survivors (4096K)
 Metaspace       used 46504K, committed 46976K, reserved 1089536K
  class space    used 6564K, committed 6784K, reserved 1048576K
}
Event: 9.039 GC heap before
{Heap before GC invocations=13 (full 0):
 garbage-first heap   total 81920K, used 61560K [0x0000000701e00000, 0x0000000800000000)
  region size 2048K, 20 young (40960K), 2 survivors (4096K)
 Metaspace       used 46940K, committed 47424K, reserved 1089536K
  class space    used 6611K, committed 6848K, reserved 1048576K
}
Event: 9.044 GC heap after
{Heap after GC invocations=14 (full 0):
 garbage-first heap   total 81920K, used 25658K [0x0000000701e00000, 0x0000000800000000)
  region size 2048K, 2 young (4096K), 2 survivors (4096K)
 Metaspace       used 46940K, committed 47424K, reserved 1089536K
  class space    used 6611K, committed 6848K, reserved 1048576K
}
Event: 9.468 GC heap before
{Heap before GC invocations=14 (full 0):
 garbage-first heap   total 81920K, used 64570K [0x0000000701e00000, 0x0000000800000000)
  region size 2048K, 21 young (43008K), 2 survivors (4096K)
 Metaspace       used 49118K, committed 49536K, reserved 1097728K
  class space    used 6840K, committed 7040K, reserved 1048576K
}
Event: 9.474 GC heap after
{Heap after GC invocations=15 (full 0):
 garbage-first heap   total 81920K, used 26954K [0x0000000701e00000, 0x0000000800000000)
  region size 2048K, 2 young (4096K), 2 survivors (4096K)
 Metaspace       used 49118K, committed 49536K, reserved 1097728K
  class space    used 6840K, committed 7040K, reserved 1048576K
}
Event: 10.130 GC heap before
{Heap before GC invocations=15 (full 0):
 garbage-first heap   total 81920K, used 59722K [0x0000000701e00000, 0x0000000800000000)
  region size 2048K, 19 young (38912K), 2 survivors (4096K)
 Metaspace       used 52469K, committed 52992K, reserved 1097728K
  class space    used 7273K, committed 7488K, reserved 1048576K
}
Event: 10.138 GC heap after
{Heap after GC invocations=16 (full 0):
 garbage-first heap   total 110592K, used 31734K [0x0000000701e00000, 0x0000000800000000)
  region size 2048K, 3 young (6144K), 3 survivors (6144K)
 Metaspace       used 52469K, committed 52992K, reserved 1097728K
  class space    used 7273K, committed 7488K, reserved 1048576K
}
Event: 10.429 GC heap before
{Heap before GC invocations=16 (full 0):
 garbage-first heap   total 110592K, used 82934K [0x0000000701e00000, 0x0000000800000000)
  region size 2048K, 29 young (59392K), 3 survivors (6144K)
 Metaspace       used 52569K, committed 53056K, reserved 1097728K
  class space    used 7286K, committed 7488K, reserved 1048576K
}
Event: 10.437 GC heap after
{Heap after GC invocations=17 (full 0):
 garbage-first heap   total 110592K, used 36228K [0x0000000701e00000, 0x0000000800000000)
  region size 2048K, 4 young (8192K), 4 survivors (8192K)
 Metaspace       used 52569K, committed 53056K, reserved 1097728K
  class space    used 7286K, committed 7488K, reserved 1048576K
}
Event: 10.621 GC heap before
{Heap before GC invocations=17 (full 0):
 garbage-first heap   total 110592K, used 81284K [0x0000000701e00000, 0x0000000800000000)
  region size 2048K, 27 young (55296K), 4 survivors (8192K)
 Metaspace       used 52569K, committed 53056K, reserved 1097728K
  class space    used 7286K, committed 7488K, reserved 1048576K
}
Event: 10.630 GC heap after
{Heap after GC invocations=18 (full 0):
 garbage-first heap   total 110592K, used 40549K [0x0000000701e00000, 0x0000000800000000)
  region size 2048K, 4 young (8192K), 4 survivors (8192K)
 Metaspace       used 52569K, committed 53056K, reserved 1097728K
  class space    used 7286K, committed 7488K, reserved 1048576K
}
Event: 11.032 GC heap before
{Heap before GC invocations=18 (full 0):
 garbage-first heap   total 110592K, used 81509K [0x0000000701e00000, 0x0000000800000000)
  region size 2048K, 24 young (49152K), 4 survivors (8192K)
 Metaspace       used 53498K, committed 54016K, reserved 1097728K
  class space    used 7401K, committed 7616K, reserved 1048576K
}
Event: 11.038 GC heap after
{Heap after GC invocations=19 (full 0):
 garbage-first heap   total 110592K, used 37887K [0x0000000701e00000, 0x0000000800000000)
  region size 2048K, 2 young (4096K), 2 survivors (4096K)
 Metaspace       used 53498K, committed 54016K, reserved 1097728K
  class space    used 7401K, committed 7616K, reserved 1048576K
}
Event: 164.070 GC heap before
{Heap before GC invocations=19 (full 0):
 garbage-first heap   total 110592K, used 80895K [0x0000000701e00000, 0x0000000800000000)
  region size 2048K, 23 young (47104K), 2 survivors (4096K)
 Metaspace       used 54194K, committed 54720K, reserved 1097728K
  class space    used 7500K, committed 7744K, reserved 1048576K
}
Event: 164.074 GC heap after
{Heap after GC invocations=20 (full 0):
 garbage-first heap   total 133120K, used 37849K [0x0000000701e00000, 0x0000000800000000)
  region size 2048K, 2 young (4096K), 2 survivors (4096K)
 Metaspace       used 54194K, committed 54720K, reserved 1097728K
  class space    used 7500K, committed 7744K, reserved 1048576K
}

Deoptimization events (18 events):
Event: 1.347 Thread 0x000001e780b810e0 DEOPT PACKING pc=0x000001e789eaaa81 sp=0x00000042518fda30
Event: 1.347 Thread 0x000001e780b810e0 DEOPT UNPACKING pc=0x000001e789c22b43 sp=0x00000042518fce88 mode 3
Event: 2.294 Thread 0x000001e79a9f0860 DEOPT PACKING pc=0x000001e78a19d6f9 sp=0x0000004253bfcc30
Event: 2.294 Thread 0x000001e79a9f0860 DEOPT UNPACKING pc=0x000001e789c22b43 sp=0x0000004253bfc110 mode 3
Event: 3.822 Thread 0x000001e79a9f0860 DEOPT PACKING pc=0x000001e78a1b9454 sp=0x0000004253bfd060
Event: 3.822 Thread 0x000001e79a9f0860 DEOPT UNPACKING pc=0x000001e789c22b43 sp=0x0000004253bfc5b8 mode 0
Event: 4.165 Thread 0x000001e79a9f0860 DEOPT PACKING pc=0x000001e78a403b81 sp=0x0000004253bfc440
Event: 4.165 Thread 0x000001e79a9f0860 DEOPT UNPACKING pc=0x000001e789c22b43 sp=0x0000004253bfb8b0 mode 3
Event: 4.709 Thread 0x000001e79a9f0860 DEOPT PACKING pc=0x000001e78a48d6e5 sp=0x0000004253bfcb60
Event: 4.709 Thread 0x000001e79a9f0860 DEOPT UNPACKING pc=0x000001e789c22b43 sp=0x0000004253bfc0c8 mode 3
Event: 8.803 Thread 0x000001e79a9f0860 DEOPT PACKING pc=0x000001e78a18e6e2 sp=0x0000004253bfd670
Event: 8.803 Thread 0x000001e79a9f0860 DEOPT UNPACKING pc=0x000001e789c22b43 sp=0x0000004253bfcb78 mode 3
Event: 9.392 Thread 0x000001e79a9f0860 DEOPT PACKING pc=0x000001e78a76f479 sp=0x0000004253bfc6d0
Event: 9.392 Thread 0x000001e79a9f0860 DEOPT UNPACKING pc=0x000001e789c22b43 sp=0x0000004253bfbbb0 mode 3
Event: 9.571 Thread 0x000001e79a9f0860 DEOPT PACKING pc=0x000001e78a7c98dc sp=0x0000004253bfb4e0
Event: 9.571 Thread 0x000001e79a9f0860 DEOPT UNPACKING pc=0x000001e789c22b43 sp=0x0000004253bfaa70 mode 0
Event: 10.068 Thread 0x000001e79a9f0860 DEOPT PACKING pc=0x000001e78a88d913 sp=0x0000004253bfc8f0
Event: 10.068 Thread 0x000001e79a9f0860 DEOPT UNPACKING pc=0x000001e789c22b43 sp=0x0000004253bfbe38 mode 3

Classes unloaded (0 events):
No events

Classes redefined (0 events):
No events

Internal exceptions (20 events):
Event: 9.467 Thread 0x000001e79a9f0860 Exception <a 'java/lang/ClassNotFoundException'{0x00000007045eee48}: java/lang/ObjectCustomizer> (0x00000007045eee48) 
thrown [t:\workspace\open\src\hotspot\share\classfile\systemDictionary.cpp, line 256]
Event: 9.468 Thread 0x000001e79a9f0860 Exception <a 'java/lang/ClassNotFoundException'{0x00000007045f87c8}: org/springframework/web/servlet/config/annotation/WebMvcConfigurationSupportCustomizer> (0x00000007045f87c8) 
thrown [t:\workspace\open\src\hotspot\share\classfile\systemDictionary.cpp, line 256]
Event: 9.476 Thread 0x000001e79a9f0860 Exception <a 'java/lang/ClassNotFoundException'{0x0000000711c0e7d8}: org/springframework/web/servlet/config/annotation/DelegatingWebMvcConfigurationCustomizer> (0x0000000711c0e7d8) 
thrown [t:\workspace\open\src\hotspot\share\classfile\systemDictionary.cpp, line 256]
Event: 9.477 Thread 0x000001e79a9f0860 Exception <a 'java/lang/ClassNotFoundException'{0x0000000711c19a48}: org/springframework/boot/autoconfigure/web/servlet/WebMvcAutoConfiguration$EnableWebMvcConfigurationCustomizer> (0x0000000711c19a48) 
thrown [t:\workspace\open\src\hotspot\share\classfile\systemDictionary.cpp, line 256]
Event: 9.479 Thread 0x000001e79a9f0860 Exception <a 'java/lang/ClassNotFoundException'{0x0000000711c2e9d0}: org/springframework/context/ResourceLoaderAwareCustomizer> (0x0000000711c2e9d0) 
thrown [t:\workspace\open\src\hotspot\share\classfile\systemDictionary.cpp, line 256]
Event: 9.480 Thread 0x000001e79a9f0860 Exception <a 'java/lang/ClassNotFoundException'{0x0000000711c350b8}: org/springframework/beans/factory/AwareCustomizer> (0x0000000711c350b8) 
thrown [t:\workspace\open\src\hotspot\share\classfile\systemDictionary.cpp, line 256]
Event: 9.480 Thread 0x000001e79a9f0860 Exception <a 'java/lang/ClassNotFoundException'{0x0000000711c3aca0}: org/springframework/context/ApplicationContextAwareCustomizer> (0x0000000711c3aca0) 
thrown [t:\workspace\open\src\hotspot\share\classfile\systemDictionary.cpp, line 256]
Event: 9.481 Thread 0x000001e79a9f0860 Exception <a 'java/lang/ClassNotFoundException'{0x0000000711c41e78}: org/springframework/beans/factory/AwareCustomizer> (0x0000000711c41e78) 
thrown [t:\workspace\open\src\hotspot\share\classfile\systemDictionary.cpp, line 256]
Event: 9.482 Thread 0x000001e79a9f0860 Exception <a 'java/lang/ClassNotFoundException'{0x0000000711c47a38}: org/springframework/web/context/ServletContextAwareCustomizer> (0x0000000711c47a38) 
thrown [t:\workspace\open\src\hotspot\share\classfile\systemDictionary.cpp, line 256]
Event: 9.483 Thread 0x000001e79a9f0860 Exception <a 'java/lang/ClassNotFoundException'{0x0000000711c4e558}: org/springframework/beans/factory/AwareCustomizer> (0x0000000711c4e558) 
thrown [t:\workspace\open\src\hotspot\share\classfile\systemDictionary.cpp, line 256]
Event: 9.758 Thread 0x000001e79a9f0860 Exception <a 'java/lang/NoSuchMethodError'{0x0000000705e61598}: 'void java.lang.invoke.DirectMethodHandle$Holder.invokeVirtual(java.lang.Object, java.lang.Object, int)'> (0x0000000705e61598) 
thrown [t:\workspace\open\src\hotspot\share\interpreter\linkResolver.cpp, line 766]
Event: 9.760 Thread 0x000001e79a9f0860 Exception <a 'java/lang/NoSuchMethodError'{0x0000000705e7bf48}: 'void java.lang.invoke.DirectMethodHandle$Holder.invokeVirtual(java.lang.Object, java.lang.Object, long)'> (0x0000000705e7bf48) 
thrown [t:\workspace\open\src\hotspot\share\interpreter\linkResolver.cpp, line 766]
Event: 9.953 Thread 0x000001e79a9f0860 Exception <a 'java/lang/IncompatibleClassChangeError'{0x000000070562c608}: Found class java.lang.Object, but interface was expected> (0x000000070562c608) 
thrown [t:\workspace\open\src\hotspot\share\interpreter\linkResolver.cpp, line 833]
Event: 10.680 Thread 0x000001e79a9f0860 Exception <a 'java/lang/NoSuchMethodError'{0x0000000708f7eff0}: 'int java.lang.invoke.DirectMethodHandle$Holder.invokeStaticInit(java.lang.Object, java.lang.Object, java.lang.Object, java.lang.Object)'> (0x0000000708f7eff0) 
thrown [t:\workspace\open\src\hotspot\share\interpreter\linkResolver.cpp, line 766]
Event: 10.975 Thread 0x000001e79a9f0860 Exception <a 'java/lang/ClassNotFoundException'{0x00000007068e63b8}: java/lang/ObjectCustomizer> (0x00000007068e63b8) 
thrown [t:\workspace\open\src\hotspot\share\classfile\systemDictionary.cpp, line 256]
Event: 10.976 Thread 0x000001e79a9f0860 Exception <a 'java/lang/ClassNotFoundException'{0x00000007068f00b0}: com/turkcell/rentACar/core/entities/UserCustomizer> (0x00000007068f00b0) 
thrown [t:\workspace\open\src\hotspot\share\classfile\systemDictionary.cpp, line 256]
Event: 11.162 Thread 0x000001e79a9f0860 Exception <a 'java/lang/NoSuchMethodError'{0x0000000708e76318}: 'java.lang.Object java.lang.invoke.DirectMethodHandle$Holder.invokeSpecial(java.lang.Object, java.lang.Object, int, java.lang.Object, int, java.lang.Object)'> (0x0000000708e76318) 
thrown [t:\workspace\open\src\hotspot\share\interpreter\linkResolver.cpp, line 766]
Event: 11.162 Thread 0x000001e79a9f0860 Exception <a 'java/lang/NoSuchMethodError'{0x0000000708e7edd8}: 'java.lang.Object java.lang.invoke.DirectMethodHandle$Holder.newInvokeSpecial(java.lang.Object, java.lang.Object, int, java.lang.Object, int)'> (0x0000000708e7edd8) 
thrown [t:\workspace\open\src\hotspot\share\interpreter\linkResolver.cpp, line 766]
Event: 11.163 Thread 0x000001e79a9f0860 Exception <a 'java/lang/NoSuchMethodError'{0x0000000708e82ed8}: 'java.lang.Object java.lang.invoke.DirectMethodHandle$Holder.invokeSpecial(java.lang.Object, java.lang.Object, java.lang.Object, int, java.lang.Object, int)'> (0x0000000708e82ed8) 
thrown [t:\workspace\open\src\hotspot\share\interpreter\linkResolver.cpp, line 766]
Event: 11.164 Thread 0x000001e79a9f0860 Exception <a 'java/lang/NoSuchMethodError'{0x0000000708e8d1b0}: 'void java.lang.invoke.DirectMethodHandle$Holder.invokeVirtual(java.lang.Object, java.lang.Object)'> (0x0000000708e8d1b0) 
thrown [t:\workspace\open\src\hotspot\share\interpreter\linkResolver.cpp, line 766]

VM Operations (20 events):
Event: 73.817 Executing VM operation: Cleanup
Event: 73.817 Executing VM operation: Cleanup done
Event: 79.876 Executing VM operation: Cleanup
Event: 79.876 Executing VM operation: Cleanup done
Event: 125.298 Executing VM operation: Cleanup
Event: 125.298 Executing VM operation: Cleanup done
Event: 145.466 Executing VM operation: Cleanup
Event: 145.466 Executing VM operation: Cleanup done
Event: 164.070 Executing VM operation: G1CollectForAllocation
Event: 164.074 Executing VM operation: G1CollectForAllocation done
Event: 206.500 Executing VM operation: Cleanup
Event: 206.500 Executing VM operation: Cleanup done
Event: 209.531 Executing VM operation: Cleanup
Event: 209.531 Executing VM operation: Cleanup done
Event: 215.595 Executing VM operation: Cleanup
Event: 215.595 Executing VM operation: Cleanup done
Event: 255.989 Executing VM operation: Cleanup
Event: 255.989 Executing VM operation: Cleanup done
Event: 357.094 Executing VM operation: HandshakeAllThreads
Event: 357.095 Executing VM operation: HandshakeAllThreads done

Events (20 events):
Event: 11.802 loading class javax/management/ObjectName$PatternProperty done
Event: 11.802 loading class com/sun/jmx/mbeanserver/Repository$ObjectNamePattern
Event: 11.803 loading class com/sun/jmx/mbeanserver/Repository$ObjectNamePattern done
Event: 11.803 loading class javax/management/remote/rmi/RMIConnector$Util
Event: 11.803 loading class javax/management/remote/rmi/RMIConnector$Util done
Event: 11.818 Thread 0x000001e79c759530 Thread exited: 0x000001e79c759530
Event: 12.331 Thread 0x000001e79c75a870 Thread exited: 0x000001e79c75a870
Event: 13.313 Thread 0x000001e79a0c7250 Thread exited: 0x000001e79a0c7250
Event: 15.087 Thread 0x000001e79a0c6ab0 Thread exited: 0x000001e79a0c6ab0
Event: 73.288 Thread 0x000001e79c75ca20 Thread exited: 0x000001e79c75ca20
Event: 73.288 Thread 0x000001e79c759060 Thread exited: 0x000001e79c759060
Event: 91.339 Thread 0x000001e79a8a7de0 Thread exited: 0x000001e79a8a7de0
Event: 357.091 loading class java/util/concurrent/Semaphore
Event: 357.091 loading class java/util/concurrent/Semaphore done
Event: 357.091 loading class java/util/concurrent/Semaphore$NonfairSync
Event: 357.091 loading class java/util/concurrent/Semaphore$Sync
Event: 357.092 loading class java/util/concurrent/Semaphore$Sync done
Event: 357.092 loading class java/util/concurrent/Semaphore$NonfairSync done
Event: 357.092 loading class sun/nio/ch/SocketAdaptor
Event: 357.092 loading class sun/nio/ch/SocketAdaptor done


Dynamic libraries:
0x00007ff75b840000 - 0x00007ff75b84e000 	C:\Users\omera\.jdks\openjdk-17.0.2\bin\java.exe
0x00007ff9e7f20000 - 0x00007ff9e8129000 	C:\WINDOWS\SYSTEM32\ntdll.dll
0x00007ff9e6bd0000 - 0x00007ff9e6c8d000 	C:\WINDOWS\System32\KERNEL32.DLL
0x00007ff9e5680000 - 0x00007ff9e59f4000 	C:\WINDOWS\System32\KERNELBASE.dll
0x00007ff9cee00000 - 0x00007ff9cee18000 	C:\Users\omera\.jdks\openjdk-17.0.2\bin\jli.dll
0x00007ff9e5ca0000 - 0x00007ff9e5db1000 	C:\WINDOWS\System32\ucrtbase.dll
0x00007ff9cede0000 - 0x00007ff9cedfa000 	C:\Users\omera\.jdks\openjdk-17.0.2\bin\VCRUNTIME140.dll
0x00007ff9e6ef0000 - 0x00007ff9e709c000 	C:\WINDOWS\System32\USER32.dll
0x00007ff9c7c50000 - 0x00007ff9c7ef5000 	C:\WINDOWS\WinSxS\amd64_microsoft.windows.common-controls_6595b64144ccf1df_6.0.22000.120_none_9d947278b86cc467\COMCTL32.dll
0x00007ff9e5410000 - 0x00007ff9e5436000 	C:\WINDOWS\System32\win32u.dll
0x00007ff9e7c70000 - 0x00007ff9e7d13000 	C:\WINDOWS\System32\msvcrt.dll
0x00007ff9e6db0000 - 0x00007ff9e6dd9000 	C:\WINDOWS\System32\GDI32.dll
0x00007ff9e5560000 - 0x00007ff9e5672000 	C:\WINDOWS\System32\gdi32full.dll
0x00007ff9e54c0000 - 0x00007ff9e555d000 	C:\WINDOWS\System32\msvcp_win.dll
0x00007ff9e6930000 - 0x00007ff9e6961000 	C:\WINDOWS\System32\IMM32.DLL
0x00007ff9dc660000 - 0x00007ff9dc66c000 	C:\Users\omera\.jdks\openjdk-17.0.2\bin\vcruntime140_1.dll
0x00007ff9b2d20000 - 0x00007ff9b2dad000 	C:\Users\omera\.jdks\openjdk-17.0.2\bin\msvcp140.dll
0x00007ff98eae0000 - 0x00007ff98f6a1000 	C:\Users\omera\.jdks\openjdk-17.0.2\bin\server\jvm.dll
0x00007ff9e5dc0000 - 0x00007ff9e5e6e000 	C:\WINDOWS\System32\ADVAPI32.dll
0x00007ff9e6e50000 - 0x00007ff9e6eee000 	C:\WINDOWS\System32\sechost.dll
0x00007ff9e6ab0000 - 0x00007ff9e6bd0000 	C:\WINDOWS\System32\RPCRT4.dll
0x00007ff9e6970000 - 0x00007ff9e6978000 	C:\WINDOWS\System32\PSAPI.DLL
0x00007ff9df4c0000 - 0x00007ff9df4f3000 	C:\WINDOWS\SYSTEM32\WINMM.dll
0x00007ff9cf450000 - 0x00007ff9cf459000 	C:\WINDOWS\SYSTEM32\WSOCK32.dll
0x00007ff9dd120000 - 0x00007ff9dd12a000 	C:\WINDOWS\SYSTEM32\VERSION.dll
0x00007ff9e6de0000 - 0x00007ff9e6e4f000 	C:\WINDOWS\System32\WS2_32.dll
0x00007ff9e4600000 - 0x00007ff9e4618000 	C:\WINDOWS\SYSTEM32\kernel.appcore.dll
0x00007ff9d67f0000 - 0x00007ff9d67fa000 	C:\Users\omera\.jdks\openjdk-17.0.2\bin\jimage.dll
0x00007ff9d21d0000 - 0x00007ff9d23f1000 	C:\WINDOWS\SYSTEM32\DBGHELP.DLL
0x00007ff9cf400000 - 0x00007ff9cf431000 	C:\WINDOWS\SYSTEM32\dbgcore.DLL
0x00007ff9e5440000 - 0x00007ff9e54bf000 	C:\WINDOWS\System32\bcryptPrimitives.dll
0x00007ff9d5d40000 - 0x00007ff9d5d4e000 	C:\Users\omera\.jdks\openjdk-17.0.2\bin\instrument.dll
0x00007ff9ceb00000 - 0x00007ff9ceb25000 	C:\Users\omera\.jdks\openjdk-17.0.2\bin\java.dll
0x00007ff9b2700000 - 0x00007ff9b27d6000 	C:\Users\omera\.jdks\openjdk-17.0.2\bin\jsvml.dll
0x00007ff9e70a0000 - 0x00007ff9e784e000 	C:\WINDOWS\System32\SHELL32.dll
0x00007ff9e3550000 - 0x00007ff9e3db8000 	C:\WINDOWS\SYSTEM32\windows.storage.dll
0x00007ff9e5ed0000 - 0x00007ff9e6248000 	C:\WINDOWS\System32\combase.dll
0x00007ff9e33e0000 - 0x00007ff9e3546000 	C:\WINDOWS\SYSTEM32\wintypes.dll
0x00007ff9e7870000 - 0x00007ff9e795a000 	C:\WINDOWS\System32\SHCORE.dll
0x00007ff9e5e70000 - 0x00007ff9e5ecd000 	C:\WINDOWS\System32\shlwapi.dll
0x00007ff9e5340000 - 0x00007ff9e5361000 	C:\WINDOWS\SYSTEM32\profapi.dll
0x00007ff9c1530000 - 0x00007ff9c1548000 	C:\Users\omera\.jdks\openjdk-17.0.2\bin\zip.dll
0x00007ff9cecf0000 - 0x00007ff9ced09000 	C:\Users\omera\.jdks\openjdk-17.0.2\bin\net.dll
0x00007ff9dfff0000 - 0x00007ff9e00fc000 	C:\WINDOWS\SYSTEM32\WINHTTP.dll
0x00007ff9e4a30000 - 0x00007ff9e4a97000 	C:\WINDOWS\system32\mswsock.dll
0x00007ff9cea30000 - 0x00007ff9cea46000 	C:\Users\omera\.jdks\openjdk-17.0.2\bin\nio.dll
0x00007ff9bbee0000 - 0x00007ff9bbefa000 	C:\Program Files\JetBrains\IntelliJ IDEA 2021.3.2\bin\breakgen64.dll
0x00007ff9e4160000 - 0x00007ff9e4247000 	C:\WINDOWS\SYSTEM32\DNSAPI.dll
0x00007ff9e40f0000 - 0x00007ff9e411d000 	C:\WINDOWS\SYSTEM32\IPHLPAPI.DLL
0x00007ff9e6840000 - 0x00007ff9e6849000 	C:\WINDOWS\System32\NSI.dll
0x00007ff9dd190000 - 0x00007ff9dd19a000 	C:\Windows\System32\rasadhlp.dll
0x00007ff9de6c0000 - 0x00007ff9de741000 	C:\WINDOWS\System32\fwpuclnt.dll
0x00007ff9d4290000 - 0x00007ff9d4299000 	C:\Users\omera\.jdks\openjdk-17.0.2\bin\management.dll
0x00007ff9d3580000 - 0x00007ff9d358b000 	C:\Users\omera\.jdks\openjdk-17.0.2\bin\management_ext.dll
0x00007ff9e4c80000 - 0x00007ff9e4c98000 	C:\WINDOWS\SYSTEM32\CRYPTSP.dll
0x00007ff9e4560000 - 0x00007ff9e4595000 	C:\WINDOWS\system32\rsaenh.dll
0x00007ff9e4b20000 - 0x00007ff9e4b49000 	C:\WINDOWS\SYSTEM32\USERENV.dll
0x00007ff9e4df0000 - 0x00007ff9e4e17000 	C:\WINDOWS\SYSTEM32\bcrypt.dll
0x00007ff9e4c70000 - 0x00007ff9e4c7c000 	C:\WINDOWS\SYSTEM32\CRYPTBASE.dll
0x00007ff9df960000 - 0x00007ff9df979000 	C:\WINDOWS\SYSTEM32\dhcpcsvc6.DLL
0x00007ff9e0490000 - 0x00007ff9e04ae000 	C:\WINDOWS\SYSTEM32\dhcpcsvc.DLL
0x00007ff9c80c0000 - 0x00007ff9c80d7000 	C:\WINDOWS\system32\napinsp.dll
0x00007ff9c7bd0000 - 0x00007ff9c7beb000 	C:\WINDOWS\system32\pnrpnsp.dll
0x00007ff9c7bb0000 - 0x00007ff9c7bc2000 	C:\WINDOWS\System32\winrnr.dll
0x00007ff9c6510000 - 0x00007ff9c6525000 	C:\WINDOWS\system32\wshbth.dll
0x00007ff9c64f0000 - 0x00007ff9c650f000 	C:\WINDOWS\system32\nlansp_c.dll
0x00007ff9d1800000 - 0x00007ff9d180e000 	C:\Users\omera\.jdks\openjdk-17.0.2\bin\sunmscapi.dll
0x00007ff9e5a70000 - 0x00007ff9e5bd2000 	C:\WINDOWS\System32\CRYPT32.dll
0x00007ff9e4dc0000 - 0x00007ff9e4de8000 	C:\WINDOWS\SYSTEM32\ncrypt.dll
0x00007ff9e4d80000 - 0x00007ff9e4db7000 	C:\WINDOWS\SYSTEM32\NTASN1.dll
0x00007ff9d15d0000 - 0x00007ff9d15d8000 	C:\WINDOWS\system32\wshunix.dll

dbghelp: loaded successfully - version: 4.0.5 - missing functions: none
symbol engine: initialized successfully - sym options: 0x614 - pdb path: .;C:\Users\omera\.jdks\openjdk-17.0.2\bin;C:\WINDOWS\SYSTEM32;C:\WINDOWS\WinSxS\amd64_microsoft.windows.common-controls_6595b64144ccf1df_6.0.22000.120_none_9d947278b86cc467;C:\Users\omera\.jdks\openjdk-17.0.2\bin\server;C:\Program Files\JetBrains\IntelliJ IDEA 2021.3.2\bin

VM Arguments:
jvm_args: -XX:TieredStopAtLevel=1 -Xverify:none -Dspring.output.ansi.enabled=always -Dcom.sun.management.jmxremote -Dspring.jmx.enabled=true -Dspring.liveBeansView.mbeanDomain -Dspring.application.admin.enabled=true -javaagent:C:\Program Files\JetBrains\IntelliJ IDEA 2021.3.2\lib\idea_rt.jar=3893:C:\Program Files\JetBrains\IntelliJ IDEA 2021.3.2\bin -Dfile.encoding=UTF-8 
java_command: com.turkcell.rentACar.RentACarApplication
java_class_path (initial): C:\Users\omera\Documents\TurkcellCamp\Project\rentACar\target\classes;C:\Users\omera\.m2\repository\org\springframework\boot\spring-boot-starter-data-jpa\2.6.3\spring-boot-starter-data-jpa-2.6.3.jar;C:\Users\omera\.m2\repository\org\springframework\boot\spring-boot-starter-aop\2.6.3\spring-boot-starter-aop-2.6.3.jar;C:\Users\omera\.m2\repository\org\springframework\spring-aop\5.3.15\spring-aop-5.3.15.jar;C:\Users\omera\.m2\repository\org\aspectj\aspectjweaver\1.9.7\aspectjweaver-1.9.7.jar;C:\Users\omera\.m2\repository\org\springframework\boot\spring-boot-starter-jdbc\2.6.3\spring-boot-starter-jdbc-2.6.3.jar;C:\Users\omera\.m2\repository\com\zaxxer\HikariCP\4.0.3\HikariCP-4.0.3.jar;C:\Users\omera\.m2\repository\org\springframework\spring-jdbc\5.3.15\spring-jdbc-5.3.15.jar;C:\Users\omera\.m2\repository\jakarta\transaction\jakarta.transaction-api\1.3.3\jakarta.transaction-api-1.3.3.jar;C:\Users\omera\.m2\repository\jakarta\persistence\jakarta.persistence-api\2.2.3\jakarta.persistence-api-2.2.3.jar;C:\Users\omera\.m2\repository\org\hibernate\hibernate-core\5.6.4.Final\hibernate-core-5.6.4.Final.jar;C:\Users\omera\.m2\repository\org\jboss\logging\jboss-logging\3.4.3.Final\jboss-logging-3.4.3.Final.jar;C:\Users\omera\.m2\repository\net\bytebuddy\byte-buddy\1.11.22\byte-buddy-1.11.22.jar;C:\Users\omera\.m2\repository\antlr\antlr\2.7.7\antlr-2.7.7.jar;C:\Users\omera\.m2\repository\org\jboss\jandex\2.4.2.Final\jandex-2.4.2.Final.jar;C:\Users\omera\.m2\repository\com\fasterxml\classmate\1.5.1\classmate-1.5.1.jar;C:\Users\omera\.m2\repository\org\hibernate\common\hibernate-commons-annotations\5.1.2.Final\hibernate-commons-annotations-5.1.2.Final.jar;C:\Users\omera\.m2\repository\org\glassfish\jaxb\jaxb-runtime\2.3.5\jaxb-runtime-2.3.5.jar;C:\Users\omera\.m2\repository\org\glassfish\jaxb\txw2\2.3.5\txw2-2.3.5.jar;C:\Users\omera\.m2\repository\com\sun\istack\istack-commons-runtime\3.0.12\istack-commons-runtime-3.0.12.jar;C:\Users\omera\.m2\repository
Launcher Type: SUN_STANDARD

[Global flags]
     intx CICompilerCount                          = 4                                         {product} {ergonomic}
     uint ConcGCThreads                            = 2                                         {product} {ergonomic}
     uint G1ConcRefinementThreads                  = 8                                         {product} {ergonomic}
   size_t G1HeapRegionSize                         = 2097152                                   {product} {ergonomic}
    uintx GCDrainStackTargetSize                   = 64                                        {product} {ergonomic}
   size_t InitialHeapSize                          = 268435456                                 {product} {ergonomic}
     bool ManagementServer                         = true                                      {product} {command line}
   size_t MarkStackSize                            = 4194304                                   {product} {ergonomic}
   size_t MaxHeapSize                              = 4263510016                                {product} {ergonomic}
   size_t MaxNewSize                               = 2556428288                                {product} {ergonomic}
   size_t MinHeapDeltaBytes                        = 2097152                                   {product} {ergonomic}
   size_t MinHeapSize                              = 8388608                                   {product} {ergonomic}
    uintx NonProfiledCodeHeapSize                  = 0                                      {pd product} {ergonomic}
     bool ProfileInterpreter                       = false                                  {pd product} {command line}
    uintx ProfiledCodeHeapSize                     = 0                                      {pd product} {ergonomic}
   size_t SoftMaxHeapSize                          = 4263510016                             {manageable} {ergonomic}
     intx TieredStopAtLevel                        = 1                                         {product} {command line}
     bool UseCompressedClassPointers               = true                           {product lp64_product} {ergonomic}
     bool UseCompressedOops                        = true                           {product lp64_product} {ergonomic}
     bool UseG1GC                                  = true                                      {product} {ergonomic}
     bool UseLargePagesIndividualAllocation        = false                                  {pd product} {ergonomic}

Logging:
Log output configuration:
 #0: stdout all=warning uptime,level,tags
 #1: stderr all=off uptime,level,tags

Environment Variables:
JAVA_HOME=C:\PROGRA~1\Java\JDK18~1.0_1
PATH=C:\Program Files\ImageMagick-7.0.11-Q16-HDRI;C:\Users\omera\AppData\Local\Programs\Python\Python39\Scripts\;C:\Users\omera\AppData\Local\Programs\Python\Python39\;C:\Program Files (x86)\Common Files\Oracle\Java\javapath;C:\ProgramData\Oracle\Java\javapath;C:\Windows\system32;C:\Windows;C:\Windows\System32\Wbem;C:\Windows\System32\WindowsPowerShell\v1.0\;C:\Windows\System32\OpenSSH\;C:\Program Files\NVIDIA Corporation\NVIDIA NvDLISR;C:\Program Files (x86)\Microsoft SQL Server\140\Tools\Binn\;C:\Program Files\Microsoft SQL Server\140\Tools\Binn\;C:\Program Files (x86)\Microsoft SQL Server\140\DTS\Binn\;C:\Program Files\Microsoft SQL Server\140\DTS\Binn\;C:\Program Files\Microsoft SQL Server\Client SDK\ODBC\130\Tools\Binn\;C:\Program Files (x86)\Microsoft SQL Server\150\DTS\Binn\;C:\Program Files\Azure Data Studio\bin;C:\xampp\php;C:\Program Files\nodejs\;C:\ProgramData\chocolatey\bin;C:\Program Files\dotnet\;C:\Program Files\Microsoft SQL Server\130\Tools\Binn\;C:\Program Files\Microsoft SQL Server\Client SDK\ODBC\170\Tools\Binn\;C:\Program Files (x86)\dotnet\;C:\Program Files\nodejs;C:\Users\omera\AppData\Roaming\npm;C:\Program Files\JetBrains\PyCharm 2020.3.3;C:\Users\omera\AppData\Local\Android\Sdk\platform-tools;C:\Users\omera\AppData\Local\Android\Sdk;C:\Program Files\Android\Android Studio\jre;C:\Users\omera\AppData\Roaming\npm\node_modules;C:\Program Files\Git\cmd;C:\src\flutter\bin;C:\Program Files\Java\jre1.8.0_51\bin;C:\Program Files\Java\jdk1.8.0_111\bin;C:\Program Files\Java\jre1.8.0_281\bin;C:\Program Files (x86)\NVIDIA Corporation\PhysX\Common;C:\Program Files (x86)\Microsoft Visual Studio\Shared\Python37_64;C:\PROGRA~1\Java\JDK18~1.0_1;;C:\WINDOWS\system32;C:\WINDOWS;C:\WINDOWS\System32\Wbem;C:\WINDOWS\System32\WindowsPowerShell\v1.0\;C:\WINDOWS\System32\OpenSSH\;C:\Users\omera\AppData\Local\Microsoft\WindowsApps;C:\Users\omera\AppData\Local\Programs\Microsoft VS Code\bin;C:\Program Files\JetBrains\PyCharm Community Edition 2020.3.3\bin;;C:\Program Fi
USERNAME=omera
OS=Windows_NT
PROCESSOR_IDENTIFIER=Intel64 Family 6 Model 142 Stepping 10, GenuineIntel



---------------  S Y S T E M  ---------------

OS:
 Windows 11 , 64 bit Build 22000 (10.0.22000.434)
OS uptime: 0 days 23:39 hours

CPU: total 8 (initial active 8) (4 cores per cpu, 2 threads per core) family 6 model 142 stepping 10 microcode 0xe0, cx8, cmov, fxsr, ht, mmx, 3dnowpref, sse, sse2, sse3, ssse3, sse4.1, sse4.2, popcnt, lzcnt, tsc, tscinvbit, avx, avx2, aes, erms, clmul, bmi1, bmi2, adx, fma, vzeroupper, clflush, clflushopt

Memory: 4k page, system-wide physical 16258M (3892M free)
TotalPageFile size 16258M (AvailPageFile size 2M)
current process WorkingSet (physical memory assigned to process): 262M, peak: 262M
current process commit charge ("private bytes"): 308M, peak: 382M

vm_info: OpenJDK 64-Bit Server VM (17.0.2+8-86) for windows-amd64 JRE (17.0.2+8-86), built on Dec  7 2021 21:49:10 by "mach5one" with MS VC++ 16.8 / 16.9 (VS2019)

END.
